[debug] [2022-06-27T14:41:53.586Z] ----------------------------------------------------------------------
[debug] [2022-06-27T14:41:53.588Z] Command:       D:\C.Apps\NodeJS\node.exe C:\Users\User\AppData\Roaming\npm\node_modules\firebase-tools\lib\bin\firebase.js init hosting
[debug] [2022-06-27T14:41:53.588Z] CLI Version:   11.1.0
[debug] [2022-06-27T14:41:53.589Z] Platform:      win32
[debug] [2022-06-27T14:41:53.589Z] Node Version:  v16.15.1
[debug] [2022-06-27T14:41:53.590Z] Time:          Mon Jun 27 2022 21:41:53 GMT+0700 (Western Indonesia Time)
[debug] [2022-06-27T14:41:53.590Z] ----------------------------------------------------------------------
[debug] 
[debug] [2022-06-27T14:41:53.597Z] > command requires scopes: ["email","openid","https://www.googleapis.com/auth/cloudplatformprojects.readonly","https://www.googleapis.com/auth/firebase","https://www.googleapis.com/auth/cloud-platform"]
[debug] [2022-06-27T14:41:53.598Z] > authorizing via signed-in user (hieronimusbrandon@gmail.com)
[info] 
     ######## #### ########  ######## ########     ###     ######  ########
     ##        ##  ##     ## ##       ##     ##  ##   ##  ##       ##
     ######    ##  ########  ######   ########  #########  ######  ######
     ##        ##  ##    ##  ##       ##     ## ##     ##       ## ##
     ##       #### ##     ## ######## ########  ##     ##  ######  ########

You're about to initialize a Firebase project in this directory:

  D:\F.Code\BusinessAide1\BusinessAide-master

[info] 
=== Project Setup
[info] 
[info] First, let's associate this project directory with a Firebase project.
[info] You can create multiple project aliases by running firebase use --add, 
[info] but for now we'll just set up a default project.
[info] 
[debug] [2022-06-27T14:42:43.485Z] >>> [apiv2][query] GET https://firebase.googleapis.com/v1beta1/projects pageSize=100
[debug] [2022-06-27T14:42:44.116Z] <<< [apiv2][status] GET https://firebase.googleapis.com/v1beta1/projects 200
[debug] [2022-06-27T14:42:44.116Z] <<< [apiv2][body] GET https://firebase.googleapis.com/v1beta1/projects [omitted]
[info] i  Using project businessaide-fab48 (BusinessAide) 
[info] 
=== Hosting Setup
[info] 
[info] Your public directory is the folder (relative to your project directory) that
[info] will contain Hosting assets to be uploaded with firebase deploy. If you
[info] have a build process for your assets, use your build's output directory.
[info] 
[debug] [2022-06-27T14:43:28.031Z] >>> [apiv2][query] GET https://www.gstatic.com/firebasejs/releases.json [none]
[debug] [2022-06-27T14:43:28.140Z] <<< [apiv2][status] GET https://www.gstatic.com/firebasejs/releases.json 200
[debug] [2022-06-27T14:43:28.140Z] <<< [apiv2][body] GET https://www.gstatic.com/firebasejs/releases.json {"current":{"version":"9.8.4","browserURL":"https://www.gstatic.com/firebasejs/9.8.4/firebase.js","packageURL":"https://www.gstatic.com/firebasejs/9.8.4/firebase.tgz"},"live":{"version":"9.8","browserURL":"https://www.gstatic.com/firebasejs/live/9.8/firebase.js","packageURL":"https://www.gstatic.com/firebasejs/live/9.8/firebase.tgz"},"components":{"analytics":"https://www.gstatic.com/firebasejs/9.8.4/firebase-analytics.js","app":"https://www.gstatic.com/firebasejs/9.8.4/firebase-app.js","app-check":"https://www.gstatic.com/firebasejs/9.8.4/firebase-app-check.js","auth":"https://www.gstatic.com/firebasejs/9.8.4/firebase-auth.js","auth/cordova":"https://www.gstatic.com/firebasejs/9.8.4/firebase-auth/cordova.js","auth/react-native":"https://www.gstatic.com/firebasejs/9.8.4/firebase-auth/react-native.js","functions":"https://www.gstatic.com/firebasejs/9.8.4/firebase-functions.js","firestore":"https://www.gstatic.com/firebasejs/9.8.4/firebase-firestore.js","firestore/lite":"https://www.gstatic.com/firebasejs/9.8.4/firebase-firestore/lite.js","storage":"https://www.gstatic.com/firebasejs/9.8.4/firebase-storage.js","performance":"https://www.gstatic.com/firebasejs/9.8.4/firebase-performance.js","remote-config":"https://www.gstatic.com/firebasejs/9.8.4/firebase-remote-config.js","messaging":"https://www.gstatic.com/firebasejs/9.8.4/firebase-messaging.js","messaging/sw":"https://www.gstatic.com/firebasejs/9.8.4/firebase-messaging/sw.js","database":"https://www.gstatic.com/firebasejs/9.8.4/firebase-database.js","firestore.memory":"https://www.gstatic.com/firebasejs/9.8.4/firebase-firestore.memory.js"}}
[info] i  Skipping write of public/index.html 
[info] 
[info] i  Didn't detect a .git folder. Assuming D:\F.Code\BusinessAide1\BusinessAide-master is the project root. 
[info] i  Authorizing with GitHub to upload your service account to a GitHub repository's secrets store. 
[info] 
[info] Visit this URL on this device to log in:
[info] https://github.com/login/oauth/authorize?client_id=89cf50f02ac6aaed3484&state=899901716&redirect_uri=http%3A%2F%2Flocalhost%3A9005&scope=read%3Auser%20repo%20public_repo
[info] 
[info] Waiting for authentication...
[debug] [2022-06-27T14:44:01.892Z] >>> [apiv2][query] POST https://github.com/login/oauth/access_token [none]
[debug] [2022-06-27T14:44:01.893Z] >>> [apiv2][body] POST https://github.com/login/oauth/access_token [stream]
[debug] [2022-06-27T14:44:02.401Z] <<< [apiv2][status] POST https://github.com/login/oauth/access_token 200
[debug] [2022-06-27T14:44:02.401Z] <<< [apiv2][body] POST https://github.com/login/oauth/access_token {"access_token":"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","token_type":"bearer","scope":"read:user,repo"}
[debug] [2022-06-27T14:44:02.412Z] >>> [apiv2][query] GET https://api.github.com/user [none]
[debug] [2022-06-27T14:44:02.867Z] <<< [apiv2][status] GET https://api.github.com/user 200
[debug] [2022-06-27T14:44:02.867Z] <<< [apiv2][body] GET https://api.github.com/user {"login":"Brandon-OS","id":108268705,"node_id":"U_kgDOBnQMoQ","avatar_url":"https://avatars.githubusercontent.com/u/108268705?v=4","gravatar_id":"","url":"https://api.github.com/users/Brandon-OS","html_url":"https://github.com/Brandon-OS","followers_url":"https://api.github.com/users/Brandon-OS/followers","following_url":"https://api.github.com/users/Brandon-OS/following{/other_user}","gists_url":"https://api.github.com/users/Brandon-OS/gists{/gist_id}","starred_url":"https://api.github.com/users/Brandon-OS/starred{/owner}{/repo}","subscriptions_url":"https://api.github.com/users/Brandon-OS/subscriptions","organizations_url":"https://api.github.com/users/Brandon-OS/orgs","repos_url":"https://api.github.com/users/Brandon-OS/repos","events_url":"https://api.github.com/users/Brandon-OS/events{/privacy}","received_events_url":"https://api.github.com/users/Brandon-OS/received_events","type":"User","site_admin":false,"name":null,"company":null,"blog":"","location":null,"email":null,"hireable":null,"bio":null,"twitter_username":null,"public_repos":0,"public_gists":0,"followers":0,"following":0,"created_at":"2022-06-27T09:47:51Z","updated_at":"2022-06-27T09:47:51Z","private_gists":0,"total_private_repos":0,"owned_private_repos":0,"disk_usage":0,"collaborators":0,"two_factor_authentication":false,"plan":{"name":"free","space":976562499,"collaborators":0,"private_repos":10000}}
[info] 
[info] +  Success! Logged into GitHub as Brandon-OS 
[info] 
[debug] [2022-06-27T14:44:53.117Z] >>> [apiv2][query] GET https://api.github.com/repos//actions/secrets/public-key type=owner
[debug] [2022-06-27T14:44:53.475Z] <<< [apiv2][status] GET https://api.github.com/repos//actions/secrets/public-key 404
[debug] [2022-06-27T14:44:53.475Z] <<< [apiv2][body] GET https://api.github.com/repos//actions/secrets/public-key {"message":"Not Found","documentation_url":"https://docs.github.com/rest"}
